{
  "RSpec": {
    "coverage": {
      "/drive2/AptanaWorkspace/Samplecart/app/beans/CAddressBean.rb": [
        1,
        1,
        null,
        null,
        null,
        null,
        null,
        null,
        null,
        null
      ],
      "/drive2/AptanaWorkspace/Samplecart/app/beans/CShippingInfoBean.rb": [
        1,
        null,
        1,
        null,
        null,
        1,
        21,
        21,
        21,
        21,
        21,
        21,
        null,
        null,
        null
      ],
      "/drive2/AptanaWorkspace/Samplecart/app/beans/line_item_bean.rb": [
        1,
        1,
        null,
        null,
        1,
        null,
        null,
        null
      ],
      "/drive2/AptanaWorkspace/Samplecart/app/beans/login.rb": [
        1,
        1,
        1,
        null,
        null
      ],
      "/drive2/AptanaWorkspace/Samplecart/app/beans/shipbin_bean.rb": [
        1,
        1,
        null,
        null,
        1,
        null,
        null,
        null
      ],
      "/drive2/AptanaWorkspace/Samplecart/app/beans/shopping_cart_bean.rb": [
        1,
        null,
        null,
        1,
        null,
        null,
        null,
        1,
        null,
        null,
        null,
        null,
        null,
        1,
        null,
        1,
        null,
        null,
        null
      ],
      "/drive2/AptanaWorkspace/Samplecart/app/controllers/application_controller.rb": [
        1,
        1,
        null
      ],
      "/drive2/AptanaWorkspace/Samplecart/app/helpers/application_helper.rb": [
        1,
        1,
        1,
        null,
        1,
        0,
        0,
        0,
        null,
        null,
        null
      ],
      "/drive2/AptanaWorkspace/Samplecart/app/helpers/title_bundle_helper.rb": [
        1,
        1,
        1,
        1,
        null,
        null,
        1,
        2,
        null,
        null,
        null
      ],
      "/drive2/AptanaWorkspace/Samplecart/app/helpers/bundle_helper.rb": [
        1,
        1,
        null,
        null,
        1,
        25,
        22,
        22,
        1,
        1,
        1,
        null,
        22,
        21,
        null,
        22,
        null,
        null,
        null,
        1,
        19,
        19,
        19,
        19,
        122,
        80,
        80,
        null,
        null,
        null,
        0,
        null,
        19,
        null,
        null,
        1,
        6,
        4,
        null,
        null,
        null,
        null,
        null,
        null,
        null,
        null
      ],
      "/drive2/AptanaWorkspace/Samplecart/app/helpers/util_helper.rb": [
        1,
        1,
        44,
        null,
        null
      ],
      "/drive2/AptanaWorkspace/Samplecart/app/helpers/cart_helper.rb": [
        1,
        null
      ],
      "/drive2/AptanaWorkspace/Samplecart/app/helpers/home_helper.rb": [
        1,
        null
      ],
      "/drive2/AptanaWorkspace/Samplecart/app/helpers/login_helper.rb": [
        1,
        null
      ],
      "/drive2/AptanaWorkspace/Samplecart/app/helpers/logout_helper.rb": [
        1,
        null
      ],
      "/drive2/AptanaWorkspace/Samplecart/app/helpers/users_helper.rb": [
        1,
        null
      ],
      "/drive2/AptanaWorkspace/Samplecart/app/helpers/welcome_helper.rb": [
        1,
        null
      ],
      "/drive2/AptanaWorkspace/Samplecart/app/controllers/cart/cart_controller.rb": [
        1,
        1,
        1,
        null,
        1,
        3,
        null,
        2,
        2,
        2,
        null,
        null,
        1,
        null,
        null,
        1,
        10,
        10,
        10,
        10,
        10,
        10,
        null,
        null
      ],
      "/drive2/AptanaWorkspace/Samplecart/app/helpers/cart_xml_parser.rb": [
        1,
        1,
        1,
        1,
        1,
        1,
        1,
        1,
        null,
        14,
        14,
        null,
        null,
        null,
        null,
        null,
        14,
        14,
        14,
        14,
        null,
        14,
        null,
        null,
        14,
        14,
        14,
        14,
        14,
        14,
        14,
        14,
        14,
        14,
        14,
        14,
        14,
        null,
        14,
        null,
        14,
        14,
        14,
        null,
        28,
        28,
        28,
        28,
        28,
        28,
        28,
        28,
        null,
        28,
        28,
        28,
        56,
        null,
        56,
        56,
        56,
        56,
        56,
        56,
        56,
        56,
        56,
        null,
        56,
        56,
        null,
        null,
        null,
        56,
        56,
        null,
        null,
        null,
        56,
        null,
        28,
        28,
        null,
        null,
        14,
        null,
        14,
        14,
        null,
        null,
        null,
        null,
        null,
        null,
        null,
        null,
        null,
        null,
        1,
        0,
        null,
        null,
        1,
        null
      ],
      "/drive2/AptanaWorkspace/Samplecart/app/service/http_client_util.rb": [
        1,
        1,
        1,
        1,
        null,
        null,
        1,
        1,
        23,
        23,
        23,
        23,
        23,
        18,
        null,
        4,
        null,
        4,
        4,
        null,
        4,
        4,
        4,
        null,
        0,
        0,
        null,
        null,
        1,
        null,
        1,
        null,
        22,
        null,
        null,
        1,
        1,
        14,
        null,
        1,
        1,
        null,
        18,
        16,
        2,
        2,
        null,
        null,
        null,
        null,
        null,
        null,
        null,
        null,
        null,
        null,
        null
      ],
      "/drive2/AptanaWorkspace/Samplecart/app/controllers/home_controller.rb": [
        1,
        1,
        1,
        2,
        2,
        1,
        null,
        null,
        null
      ],
      "/drive2/AptanaWorkspace/Samplecart/app/controllers/login_controller.rb": [
        1,
        1,
        1,
        null,
        1,
        1,
        null,
        null,
        null,
        1,
        null,
        2,
        2,
        2,
        0,
        0,
        0,
        null,
        null,
        2,
        2,
        2,
        2,
        2,
        null,
        2,
        2,
        null,
        null,
        0,
        0,
        0,
        null,
        null,
        0,
        null,
        0,
        null,
        null,
        0,
        0,
        null,
        null,
        null,
        1,
        2,
        2,
        null,
        2,
        2,
        null,
        null,
        null
      ],
      "/drive2/AptanaWorkspace/Samplecart/app/models/user.rb": [
        1,
        1,
        null,
        null,
        1,
        null,
        1,
        1,
        null,
        null,
        1,
        null,
        null
      ],
      "/drive2/AptanaWorkspace/Samplecart/app/controllers/logout_controller.rb": [
        1,
        1,
        null,
        2,
        null,
        2,
        null,
        null
      ],
      "/drive2/AptanaWorkspace/Samplecart/app/controllers/shipping_controller.rb": [
        null,
        1,
        null,
        1,
        null,
        1,
        null,
        1,
        1,
        1,
        null,
        1,
        2,
        1,
        1,
        1,
        1,
        1,
        1,
        1,
        1,
        1,
        1,
        1,
        null,
        1,
        null,
        null,
        null,
        null,
        null,
        null,
        null,
        null,
        null,
        null,
        null,
        null,
        null,
        null
      ],
      "/drive2/AptanaWorkspace/Samplecart/app/helpers/XMLDataParser.rb": [
        1,
        1,
        1,
        null,
        1,
        null,
        1,
        1,
        1,
        21,
        null,
        null,
        1,
        18,
        18,
        18,
        18,
        null,
        null,
        1,
        null,
        null,
        18,
        1,
        1,
        null,
        1,
        1,
        null,
        1,
        null,
        null,
        18,
        18,
        null,
        null,
        1,
        17,
        34,
        null,
        null,
        0,
        null,
        null,
        17,
        0,
        null,
        17,
        17,
        16,
        16,
        208,
        208,
        null,
        16,
        16,
        null,
        16,
        16,
        null,
        16,
        16,
        null,
        16,
        16,
        null,
        16,
        16,
        null,
        16,
        16,
        null,
        16,
        16,
        null,
        16,
        16,
        null,
        16,
        16,
        null,
        16,
        16,
        null,
        16,
        16,
        null,
        16,
        16,
        null,
        16,
        16,
        null,
        208,
        208,
        null,
        null,
        null,
        1,
        null,
        null,
        16,
        null,
        null,
        null,
        16,
        16,
        null,
        16,
        16,
        16,
        16,
        16,
        16,
        3680,
        3680,
        3680,
        3680,
        null,
        16,
        16,
        null,
        0,
        null,
        null,
        16,
        16,
        16,
        16,
        16,
        16,
        16,
        1056,
        1056,
        1056,
        1056,
        null,
        16,
        16,
        null,
        0,
        null,
        null,
        null,
        16,
        16,
        null,
        0,
        null,
        0,
        null,
        null,
        16,
        16,
        16,
        16,
        48,
        null,
        16,
        null,
        16,
        null,
        16,
        null,
        null,
        null,
        16,
        null,
        null,
        16,
        null,
        null,
        null,
        null
      ],
      "/drive2/AptanaWorkspace/Samplecart/app/controllers/users_controller.rb": [
        1,
        null,
        null,
        1,
        0,
        null,
        0,
        0,
        0,
        null,
        null,
        null,
        null,
        null,
        1,
        0,
        null,
        0,
        0,
        0,
        null,
        null,
        null,
        null,
        null,
        1,
        0,
        null,
        0,
        0,
        0,
        null,
        null,
        null,
        null,
        1,
        0,
        null,
        null,
        null,
        null,
        1,
        0,
        null,
        0,
        0,
        0,
        0,
        null,
        0,
        0,
        null,
        null,
        null,
        null,
        null,
        null,
        1,
        0,
        null,
        0,
        0,
        0,
        0,
        null,
        0,
        0,
        null,
        null,
        null,
        null,
        null,
        null,
        1,
        0,
        0,
        null,
        0,
        0,
        0,
        null,
        null,
        null
      ],
      "/drive2/AptanaWorkspace/Samplecart/app/controllers/welcome_controller.rb": [
        1,
        1,
        1,
        null,
        null,
        2,
        1,
        null,
        null,
        null,
        null
      ]
    },
    "timestamp": 1359449852
  }
}
